

ERROR: An Error Was Encountered

	The URI you submitted has disallowed characters.



ERROR: An Error Was Encountered

	The URI you submitted has disallowed characters.



ERROR: An Error Was Encountered

	The URI you submitted has disallowed characters.



ERROR: An Error Was Encountered

	The URI you submitted has disallowed characters.



Schedule running
================


 [OK] Not exists invoices for delete                                            


 [OK] Not exists invoices for create                                            


 [OK] Not exists invoices for delete                                            


 [OK] Not exists invoices for create                                            


 [OK] Not exists invoices for delete                                            


 [OK] Not exists invoices for create                                            


 [OK] Not exists invoices for delete                                            


 [OK] Not exists invoices for create                                            


 [OK] Not exists invoices for delete                                            


 [OK] Not exists invoices for create                                            


 start cancel invoices
 end cancel invoices

 [OK] Not exists invoices for create                                            


 [OK] Not exists invoices for delete                                            


 [OK] Not exists invoices for delete                                            


 [OK] Not exists invoices for create                                            


 start cancel invoices
 end cancel invoices

 [OK] Not exists invoices for create                                            


 [OK] Not exists invoices for delete                                            


 [OK] Not exists invoices for create                                            


 [OK] Not exists invoices for delete                                            


 [OK] Not exists invoices for create                                            

